\BOOKMARK [1][-]{section.1}{\376\377\217\320\210\114\000O\000R\000C\000A\166\204\220\032\165\050\155\101\172\013}{}% 1
\BOOKMARK [1][-]{section.2}{\376\377\217\223\121\145\145\207\116\366}{}% 2
\BOOKMARK [1][-]{section.3}{\376\377\127\120\150\007\217\223\121\145}{}% 3
\BOOKMARK [1][-]{section.4}{\376\377\127\372\176\304}{}% 4
\BOOKMARK [1][-]{section.5}{\376\377\217\205\122\251\127\372\176\304}{}% 5
\BOOKMARK [1][-]{section.6}{\376\377\133\306\136\246\154\333\121\375}{}% 6
\BOOKMARK [1][-]{section.7}{\376\377\165\050\116\216\117\030\123\026\166\204\176\304\124\010\137\017\145\271\154\325}{}% 7
\BOOKMARK [1][-]{section.8}{\376\377\201\352\155\075\127\072\145\271\172\013\166\204\213\241\173\227}{}% 8
\BOOKMARK [2][-]{subsection.8.1}{\376\377\137\072\131\047\166\204\217\321\117\074\377\032\000R\000I}{section.8}% 9
\BOOKMARK [1][-]{section.9}{\376\377\131\032\176\304\140\001\201\352\155\075\127\072\145\271\154\325}{}% 10
\BOOKMARK [1][-]{section.10}{\376\377\156\266\122\102\123\026\152\041\127\213}{}% 11
\BOOKMARK [1][-]{section.11}{\376\377\000M\000\370\000l\000l\000e\000r\000-\000P\000l\000e\000s\000s\000e\000t\137\256\142\160\164\006\213\272}{}% 12
\BOOKMARK [1][-]{section.12}{\376\377\200\046\124\010\174\007\145\271\154\325}{}% 13
\BOOKMARK [1][-]{section.13}{\376\377\166\370\133\371\213\272\213\241\173\227}{}% 14
\BOOKMARK [1][-]{section.14}{\376\377\176\323\147\204\117\030\123\026}{}% 15
\BOOKMARK [1][-]{section.15}{\376\377\230\221\163\207\213\241\173\227}{}% 16
\BOOKMARK [1][-]{section.16}{\376\377\136\166\210\114}{}% 17
\BOOKMARK [1][-]{section.17}{\376\377\157\300\123\321\140\001\213\241\173\227}{}% 18
\BOOKMARK [2][-]{subsection.17.1}{\376\377\145\366\123\330\133\306\136\246\154\333\121\375\164\006\213\272\377\010\000T\000D\000-\000D\000F\000T\377\011}{section.17}% 19
\BOOKMARK [2][-]{subsection.17.2}{\376\377\217\320\122\250\200\046\124\010\174\007\164\006\213\272}{section.17}% 20
\BOOKMARK [2][-]{subsection.17.3}{\376\377\226\120\122\066\140\047\137\000\130\363\134\102\000C\000I\000S\124\214\000R\000O\000C\000I\000S\000/\000D\000F\000T}{section.17}% 21
\BOOKMARK [2][-]{subsection.17.4}{\376\377\000N\165\065\133\120\116\367\140\001\137\256\142\160\164\006\213\272\377\010\000N\000E\000V\000P\000T\0002\377\011}{section.17}% 22
\BOOKMARK [2][-]{subsection.17.5}{\376\377\131\032\123\302\200\003\147\204\214\141\166\370\116\222\117\134\165\050\377\010\000M\000R\000C\000I\377\011}{section.17}% 23
\BOOKMARK [1][-]{section.18}{\376\377\121\111\214\061\140\047\215\050\124\214\121\166\116\326\140\047\215\050\166\204\213\241\173\227}{}% 24
\BOOKMARK [2][-]{subsection.18.1}{\376\377\165\065\147\201\167\351\124\214\147\201\123\026\163\207}{section.18}% 25
\BOOKMARK [2][-]{subsection.18.2}{\376\377\150\070\170\301\121\161\143\057\123\302\145\160}{section.18}% 26
\BOOKMARK [2][-]{subsection.18.3}{\376\377\165\065\133\120\230\172\170\301\121\161\143\057\123\302\145\160}{section.18}% 27
\BOOKMARK [2][-]{subsection.18.4}{\376\377\000M\000\366\000\337\000b\000a\000u\000e\000r\121\111\214\061\123\302\145\160}{section.18}% 28
\BOOKMARK [2][-]{subsection.18.5}{\376\377\143\057\122\250\121\111\214\061}{section.18}% 29
\BOOKMARK [2][-]{subsection.18.6}{\376\377\123\357\211\301\121\111\214\061}{section.18}% 30
\BOOKMARK [2][-]{subsection.18.7}{\376\377\203\147\121\111\124\070\145\066\124\214\170\367\121\111\133\377\124\175\116\016\214\061\136\046}{section.18}% 31
\BOOKMARK [2][-]{subsection.18.8}{\376\377\000X\134\004\176\277\124\070\145\066\124\214\123\321\134\004\121\111\214\061}{section.18}% 32
\BOOKMARK [1][-]{section.19}{\376\377\122\006\147\220\135\345\121\167\124\214\143\245\123\343}{}% 33
\BOOKMARK [2][-]{subsection.19.1}{\376\377\136\003\134\105\122\006\147\220}{section.19}% 34
\BOOKMARK [2][-]{subsection.19.2}{\376\377\134\100\220\350\200\375\221\317\122\006\211\343}{section.19}% 35
\BOOKMARK [2][-]{subsection.19.3}{\376\377\116\316\131\064\173\227\215\167\166\204\221\115\117\123\127\072\213\272}{section.19}% 36
\BOOKMARK [2][-]{subsection.19.4}{\376\377\201\352\161\066\225\056\217\150\220\123\122\006\147\220}{section.19}% 37
\BOOKMARK [2][-]{subsection.19.5}{\376\377\122\006\133\120\116\055\166\204\123\237\133\120\164\006\213\272}{section.19}% 38
\BOOKMARK [1][-]{section.20}{\376\377\123\357\211\306\123\026\135\345\121\167\124\214\143\245\123\343}{}% 39
\BOOKMARK [2][-]{subsection.20.1}{\376\377\123\357\211\306\123\026\211\304\203\003\217\150\220\123}{section.20}% 40
\BOOKMARK [2][-]{subsection.20.2}{\376\377\123\357\211\306\123\026\165\065\133\120\133\306\136\246}{section.20}% 41
\BOOKMARK [2][-]{subsection.20.3}{\376\377\123\357\211\306\123\026\217\150\217\371}{section.20}% 42
\BOOKMARK [2][-]{subsection.20.4}{\376\377\143\057\122\250\123\357\211\306\123\026}{section.20}% 43
\BOOKMARK [2][-]{subsection.20.5}{\376\377\176\330\122\066\121\111\214\061}{section.20}% 44
\BOOKMARK [1][-]{section.21}{\376\377\000O\000R\000C\000A\145\207\116\366\174\173\127\213}{}% 45
